<?xml version="1.0" encoding="UTF-8"?>
<!-- Generated by org.testng.reporters.JUnitReportReporter -->
<testsuite hostname="menna-shokr" failures="0" tests="1" name="tests.VeifyClientsLinksTest" time="1.136" errors="0" timestamp="2022-04-26T17:23:39 EET" skipped="0">
  <testcase classname="tests.VeifyClientsLinksTest" name="VeifyClientsLinks" time="1.136"/>
</testsuite> <!-- tests.VeifyClientsLinksTest -->
